d:\zsyblah\documents\codes\infomov\x64\release\mygame.pch
d:\zsyblah\documents\codes\infomov\x64\release\template.obj
d:\zsyblah\documents\codes\infomov\x64\release\tmplmath.obj
d:\zsyblah\documents\codes\infomov\x64\release\surface.obj
d:\zsyblah\documents\codes\infomov\x64\release\sprite.obj
d:\zsyblah\documents\codes\infomov\x64\release\opengl.obj
d:\zsyblah\documents\codes\infomov\x64\release\opencl.obj
d:\zsyblah\documents\codes\infomov\x64\release\game.obj
d:\zsyblah\documents\codes\infomov\x64\mygame.lib
d:\zsyblah\documents\codes\infomov\x64\mygame.exp
d:\zsyblah\documents\codes\infomov\x64\mygame.exe
d:\zsyblah\documents\codes\infomov\x64\mygame.pdb
d:\zsyblah\documents\codes\infomov\x64\release\evolution.vcxproj.filelistabsolute.txt
d:\zsyblah\documents\codes\infomov\x64\release\mygame.tlog\cl.command.1.tlog
d:\zsyblah\documents\codes\infomov\x64\release\mygame.tlog\cl.read.1.tlog
d:\zsyblah\documents\codes\infomov\x64\release\mygame.tlog\cl.write.1.tlog
d:\zsyblah\documents\codes\infomov\x64\release\mygame.tlog\link.command.1.tlog
d:\zsyblah\documents\codes\infomov\x64\release\mygame.tlog\link.read.1.tlog
d:\zsyblah\documents\codes\infomov\x64\release\mygame.tlog\link.write.1.tlog
d:\zsyblah\documents\codes\infomov\x64\release\mygame.tlog\link.write.2u.tlog
